[2026-03-03T01:00:01.589+0000] {manager.py:469} INFO - Processing files using up to 2 processes at a time 
[2026-03-03T01:00:01.591+0000] {manager.py:470} INFO - Process each file at most once every 30 seconds
[2026-03-03T01:00:01.593+0000] {manager.py:471} INFO - Checking for new files in /opt/airflow/dags every 300 seconds
[2026-03-03T01:00:01.595+0000] {manager.py:738} INFO - Searching for files in /opt/airflow/dags
[2026-03-03T01:00:01.642+0000] {manager.py:741} INFO - There are 1 files in /opt/airflow/dags
[2026-03-03T01:00:01.751+0000] {manager.py:879} INFO - 
================================================================================
DAG File Processing Stats

File Path                                    PID  Runtime      # DAGs    # Errors  Last Runtime    Last Run
-----------------------------------------  -----  ---------  --------  ----------  --------------  ----------
/opt/airflow/dags/brewery_api_pipeline.py    177  0.05s             0           0
================================================================================
[2026-03-03T01:00:32.122+0000] {manager.py:879} INFO - 
================================================================================
DAG File Processing Stats

File Path                                    PID  Runtime      # DAGs    # Errors  Last Runtime    Last Run
-----------------------------------------  -----  ---------  --------  ----------  --------------  -------------------
/opt/airflow/dags/brewery_api_pipeline.py    182  0.00s             0           1  0.12s           2026-03-03T01:00:01
================================================================================
[2026-03-03T01:01:02.410+0000] {manager.py:879} INFO - 
================================================================================
DAG File Processing Stats

File Path                                    PID  Runtime      # DAGs    # Errors  Last Runtime    Last Run
-----------------------------------------  -----  ---------  --------  ----------  --------------  -------------------
/opt/airflow/dags/brewery_api_pipeline.py    187  0.00s             0           1  0.13s           2026-03-03T01:00:32
================================================================================
[2026-03-03T01:01:32.842+0000] {manager.py:879} INFO - 
================================================================================
DAG File Processing Stats

File Path                                    PID  Runtime      # DAGs    # Errors  Last Runtime    Last Run
-----------------------------------------  -----  ---------  --------  ----------  --------------  -------------------
/opt/airflow/dags/brewery_api_pipeline.py    192  0.00s             0           1  0.15s           2026-03-03T01:01:02
================================================================================
[2026-03-03T01:02:03.140+0000] {manager.py:879} INFO - 
================================================================================
DAG File Processing Stats

File Path                                    PID  Runtime      # DAGs    # Errors  Last Runtime    Last Run
-----------------------------------------  -----  ---------  --------  ----------  --------------  -------------------
/opt/airflow/dags/brewery_api_pipeline.py    197  0.00s             0           1  0.13s           2026-03-03T01:01:32
================================================================================
[2026-03-03T01:02:33.474+0000] {manager.py:879} INFO - 
================================================================================
DAG File Processing Stats

File Path                                    PID  Runtime      # DAGs    # Errors  Last Runtime    Last Run
-----------------------------------------  -----  ---------  --------  ----------  --------------  -------------------
/opt/airflow/dags/brewery_api_pipeline.py    202  0.01s             0           1  0.09s           2026-03-03T01:02:03
================================================================================
[2026-03-03T01:03:03.837+0000] {manager.py:879} INFO - 
================================================================================
DAG File Processing Stats

File Path                                    PID  Runtime      # DAGs    # Errors  Last Runtime    Last Run
-----------------------------------------  -----  ---------  --------  ----------  --------------  -------------------
/opt/airflow/dags/brewery_api_pipeline.py    207  0.00s             0           1  0.13s           2026-03-03T01:02:33
================================================================================
[2026-03-03T01:03:34.132+0000] {manager.py:879} INFO - 
================================================================================
DAG File Processing Stats

File Path                                    PID  Runtime      # DAGs    # Errors  Last Runtime    Last Run
-----------------------------------------  -----  ---------  --------  ----------  --------------  -------------------
/opt/airflow/dags/brewery_api_pipeline.py    212  0.00s             0           1  0.14s           2026-03-03T01:03:03
================================================================================
[2026-03-03T01:04:04.575+0000] {manager.py:879} INFO - 
================================================================================
DAG File Processing Stats

File Path                                    PID  Runtime      # DAGs    # Errors  Last Runtime    Last Run
-----------------------------------------  -----  ---------  --------  ----------  --------------  -------------------
/opt/airflow/dags/brewery_api_pipeline.py    217  0.01s             0           1  0.14s           2026-03-03T01:03:34
================================================================================
[2026-03-03T01:04:34.856+0000] {manager.py:879} INFO - 
================================================================================
DAG File Processing Stats

File Path                                    PID  Runtime      # DAGs    # Errors  Last Runtime    Last Run
-----------------------------------------  -----  ---------  --------  ----------  --------------  -------------------
/opt/airflow/dags/brewery_api_pipeline.py    222  0.01s             0           1  0.15s           2026-03-03T01:04:04
================================================================================
[2026-03-03T01:05:02.195+0000] {manager.py:738} INFO - Searching for files in /opt/airflow/dags
[2026-03-03T01:05:02.247+0000] {manager.py:741} INFO - There are 1 files in /opt/airflow/dags
[2026-03-03T01:05:05.313+0000] {manager.py:879} INFO - 
================================================================================
DAG File Processing Stats

File Path                                    PID  Runtime      # DAGs    # Errors  Last Runtime    Last Run
-----------------------------------------  -----  ---------  --------  ----------  --------------  -------------------
/opt/airflow/dags/brewery_api_pipeline.py    227  0.00s             0           1  0.12s           2026-03-03T01:04:34
================================================================================
[2026-03-03T01:05:35.599+0000] {manager.py:879} INFO - 
================================================================================
DAG File Processing Stats

File Path                                    PID  Runtime      # DAGs    # Errors  Last Runtime    Last Run
-----------------------------------------  -----  ---------  --------  ----------  --------------  -------------------
/opt/airflow/dags/brewery_api_pipeline.py    232  0.01s             0           1  0.15s           2026-03-03T01:05:05
================================================================================
[2026-03-03T01:06:05.975+0000] {manager.py:879} INFO - 
================================================================================
DAG File Processing Stats

File Path                                    PID  Runtime      # DAGs    # Errors  Last Runtime    Last Run
-----------------------------------------  -----  ---------  --------  ----------  --------------  -------------------
/opt/airflow/dags/brewery_api_pipeline.py    237  0.00s             0           1  0.13s           2026-03-03T01:05:35
================================================================================
[2026-03-03T01:06:36.244+0000] {manager.py:879} INFO - 
================================================================================
DAG File Processing Stats

File Path                                    PID  Runtime      # DAGs    # Errors  Last Runtime    Last Run
-----------------------------------------  -----  ---------  --------  ----------  --------------  -------------------
/opt/airflow/dags/brewery_api_pipeline.py    242  0.01s             0           1  0.11s           2026-03-03T01:06:06
================================================================================
[2026-03-03T01:07:06.595+0000] {manager.py:879} INFO - 
================================================================================
DAG File Processing Stats

File Path                                    PID  Runtime      # DAGs    # Errors  Last Runtime    Last Run
-----------------------------------------  -----  ---------  --------  ----------  --------------  -------------------
/opt/airflow/dags/brewery_api_pipeline.py    247  0.01s             0           1  0.17s           2026-03-03T01:06:36
================================================================================
[2026-03-03T01:07:36.877+0000] {manager.py:879} INFO - 
================================================================================
DAG File Processing Stats

File Path                                    PID  Runtime      # DAGs    # Errors  Last Runtime    Last Run
-----------------------------------------  -----  ---------  --------  ----------  --------------  -------------------
/opt/airflow/dags/brewery_api_pipeline.py    252  0.00s             0           1  0.13s           2026-03-03T01:07:06
================================================================================
