[2026-03-03T01:00:01.737+0000] {processor.py:161} INFO - Started process (PID=177) to work on /opt/airflow/dags/brewery_api_pipeline.py
[2026-03-03T01:00:01.738+0000] {processor.py:830} INFO - Processing file /opt/airflow/dags/brewery_api_pipeline.py for tasks to queue
[2026-03-03T01:00:01.739+0000] {logging_mixin.py:188} INFO - [2026-03-03T01:00:01.739+0000] {dagbag.py:538} INFO - Filling up the DagBag from /opt/airflow/dags/brewery_api_pipeline.py
[2026-03-03T01:00:01.783+0000] {logging_mixin.py:188} INFO - [2026-03-03T01:00:01.775+0000] {dagbag.py:348} ERROR - Failed to import: /opt/airflow/dags/brewery_api_pipeline.py
Traceback (most recent call last):
  File "/home/airflow/.local/lib/python3.10/site-packages/airflow/models/dagbag.py", line 344, in parse
    loader.exec_module(new_module)
  File "<frozen importlib._bootstrap_external>", line 883, in exec_module
  File "<frozen importlib._bootstrap>", line 241, in _call_with_frames_removed
  File "/opt/airflow/dags/brewery_api_pipeline.py", line 4, in <module>
    from brewery_pipeline.ingest import run
ModuleNotFoundError: No module named 'brewery_pipeline'
[2026-03-03T01:00:01.785+0000] {processor.py:842} WARNING - No viable dags retrieved from /opt/airflow/dags/brewery_api_pipeline.py
[2026-03-03T01:00:01.812+0000] {processor.py:183} INFO - Processing /opt/airflow/dags/brewery_api_pipeline.py took 0.079 seconds
[2026-03-03T01:00:32.160+0000] {processor.py:161} INFO - Started process (PID=182) to work on /opt/airflow/dags/brewery_api_pipeline.py
[2026-03-03T01:00:32.162+0000] {processor.py:830} INFO - Processing file /opt/airflow/dags/brewery_api_pipeline.py for tasks to queue
[2026-03-03T01:00:32.164+0000] {logging_mixin.py:188} INFO - [2026-03-03T01:00:32.164+0000] {dagbag.py:538} INFO - Filling up the DagBag from /opt/airflow/dags/brewery_api_pipeline.py
[2026-03-03T01:00:32.194+0000] {logging_mixin.py:188} INFO - [2026-03-03T01:00:32.189+0000] {dagbag.py:348} ERROR - Failed to import: /opt/airflow/dags/brewery_api_pipeline.py
Traceback (most recent call last):
  File "/home/airflow/.local/lib/python3.10/site-packages/airflow/models/dagbag.py", line 344, in parse
    loader.exec_module(new_module)
  File "<frozen importlib._bootstrap_external>", line 883, in exec_module
  File "<frozen importlib._bootstrap>", line 241, in _call_with_frames_removed
  File "/opt/airflow/dags/brewery_api_pipeline.py", line 4, in <module>
    from brewery_pipeline.ingest import run
ModuleNotFoundError: No module named 'brewery_pipeline'
[2026-03-03T01:00:32.197+0000] {processor.py:842} WARNING - No viable dags retrieved from /opt/airflow/dags/brewery_api_pipeline.py
[2026-03-03T01:00:32.238+0000] {processor.py:183} INFO - Processing /opt/airflow/dags/brewery_api_pipeline.py took 0.083 seconds
[2026-03-03T01:01:02.434+0000] {processor.py:161} INFO - Started process (PID=187) to work on /opt/airflow/dags/brewery_api_pipeline.py
[2026-03-03T01:01:02.436+0000] {processor.py:830} INFO - Processing file /opt/airflow/dags/brewery_api_pipeline.py for tasks to queue
[2026-03-03T01:01:02.437+0000] {logging_mixin.py:188} INFO - [2026-03-03T01:01:02.437+0000] {dagbag.py:538} INFO - Filling up the DagBag from /opt/airflow/dags/brewery_api_pipeline.py
[2026-03-03T01:01:02.496+0000] {logging_mixin.py:188} INFO - [2026-03-03T01:01:02.461+0000] {dagbag.py:348} ERROR - Failed to import: /opt/airflow/dags/brewery_api_pipeline.py
Traceback (most recent call last):
  File "/home/airflow/.local/lib/python3.10/site-packages/airflow/models/dagbag.py", line 344, in parse
    loader.exec_module(new_module)
  File "<frozen importlib._bootstrap_external>", line 883, in exec_module
  File "<frozen importlib._bootstrap>", line 241, in _call_with_frames_removed
  File "/opt/airflow/dags/brewery_api_pipeline.py", line 4, in <module>
    from brewery_pipeline.ingest import run
ModuleNotFoundError: No module named 'brewery_pipeline'
[2026-03-03T01:01:02.512+0000] {processor.py:842} WARNING - No viable dags retrieved from /opt/airflow/dags/brewery_api_pipeline.py
[2026-03-03T01:01:02.546+0000] {processor.py:183} INFO - Processing /opt/airflow/dags/brewery_api_pipeline.py took 0.116 seconds
[2026-03-03T01:01:32.864+0000] {processor.py:161} INFO - Started process (PID=192) to work on /opt/airflow/dags/brewery_api_pipeline.py
[2026-03-03T01:01:32.866+0000] {processor.py:830} INFO - Processing file /opt/airflow/dags/brewery_api_pipeline.py for tasks to queue
[2026-03-03T01:01:32.868+0000] {logging_mixin.py:188} INFO - [2026-03-03T01:01:32.867+0000] {dagbag.py:538} INFO - Filling up the DagBag from /opt/airflow/dags/brewery_api_pipeline.py
[2026-03-03T01:01:32.904+0000] {logging_mixin.py:188} INFO - [2026-03-03T01:01:32.899+0000] {dagbag.py:348} ERROR - Failed to import: /opt/airflow/dags/brewery_api_pipeline.py
Traceback (most recent call last):
  File "/home/airflow/.local/lib/python3.10/site-packages/airflow/models/dagbag.py", line 344, in parse
    loader.exec_module(new_module)
  File "<frozen importlib._bootstrap_external>", line 883, in exec_module
  File "<frozen importlib._bootstrap>", line 241, in _call_with_frames_removed
  File "/opt/airflow/dags/brewery_api_pipeline.py", line 4, in <module>
    from brewery_pipeline.ingest import run
ModuleNotFoundError: No module named 'brewery_pipeline'
[2026-03-03T01:01:32.906+0000] {processor.py:842} WARNING - No viable dags retrieved from /opt/airflow/dags/brewery_api_pipeline.py
[2026-03-03T01:01:32.960+0000] {processor.py:183} INFO - Processing /opt/airflow/dags/brewery_api_pipeline.py took 0.099 seconds
[2026-03-03T01:02:03.163+0000] {processor.py:161} INFO - Started process (PID=197) to work on /opt/airflow/dags/brewery_api_pipeline.py
[2026-03-03T01:02:03.165+0000] {processor.py:830} INFO - Processing file /opt/airflow/dags/brewery_api_pipeline.py for tasks to queue
[2026-03-03T01:02:03.167+0000] {logging_mixin.py:188} INFO - [2026-03-03T01:02:03.166+0000] {dagbag.py:538} INFO - Filling up the DagBag from /opt/airflow/dags/brewery_api_pipeline.py
[2026-03-03T01:02:03.191+0000] {logging_mixin.py:188} INFO - [2026-03-03T01:02:03.186+0000] {dagbag.py:348} ERROR - Failed to import: /opt/airflow/dags/brewery_api_pipeline.py
Traceback (most recent call last):
  File "/home/airflow/.local/lib/python3.10/site-packages/airflow/models/dagbag.py", line 344, in parse
    loader.exec_module(new_module)
  File "<frozen importlib._bootstrap_external>", line 883, in exec_module
  File "<frozen importlib._bootstrap>", line 241, in _call_with_frames_removed
  File "/opt/airflow/dags/brewery_api_pipeline.py", line 4, in <module>
    from brewery_pipeline.ingest import run
ModuleNotFoundError: No module named 'brewery_pipeline'
[2026-03-03T01:02:03.192+0000] {processor.py:842} WARNING - No viable dags retrieved from /opt/airflow/dags/brewery_api_pipeline.py
[2026-03-03T01:02:03.216+0000] {processor.py:183} INFO - Processing /opt/airflow/dags/brewery_api_pipeline.py took 0.059 seconds
[2026-03-03T01:02:33.513+0000] {processor.py:161} INFO - Started process (PID=202) to work on /opt/airflow/dags/brewery_api_pipeline.py
[2026-03-03T01:02:33.514+0000] {processor.py:830} INFO - Processing file /opt/airflow/dags/brewery_api_pipeline.py for tasks to queue
[2026-03-03T01:02:33.516+0000] {logging_mixin.py:188} INFO - [2026-03-03T01:02:33.516+0000] {dagbag.py:538} INFO - Filling up the DagBag from /opt/airflow/dags/brewery_api_pipeline.py
[2026-03-03T01:02:33.552+0000] {logging_mixin.py:188} INFO - [2026-03-03T01:02:33.545+0000] {dagbag.py:348} ERROR - Failed to import: /opt/airflow/dags/brewery_api_pipeline.py
Traceback (most recent call last):
  File "/home/airflow/.local/lib/python3.10/site-packages/airflow/models/dagbag.py", line 344, in parse
    loader.exec_module(new_module)
  File "<frozen importlib._bootstrap_external>", line 883, in exec_module
  File "<frozen importlib._bootstrap>", line 241, in _call_with_frames_removed
  File "/opt/airflow/dags/brewery_api_pipeline.py", line 4, in <module>
    from brewery_pipeline.ingest import run
ModuleNotFoundError: No module named 'brewery_pipeline'
[2026-03-03T01:02:33.555+0000] {processor.py:842} WARNING - No viable dags retrieved from /opt/airflow/dags/brewery_api_pipeline.py
[2026-03-03T01:02:33.587+0000] {processor.py:183} INFO - Processing /opt/airflow/dags/brewery_api_pipeline.py took 0.078 seconds
[2026-03-03T01:03:03.864+0000] {processor.py:161} INFO - Started process (PID=207) to work on /opt/airflow/dags/brewery_api_pipeline.py
[2026-03-03T01:03:03.866+0000] {processor.py:830} INFO - Processing file /opt/airflow/dags/brewery_api_pipeline.py for tasks to queue
[2026-03-03T01:03:03.868+0000] {logging_mixin.py:188} INFO - [2026-03-03T01:03:03.868+0000] {dagbag.py:538} INFO - Filling up the DagBag from /opt/airflow/dags/brewery_api_pipeline.py
[2026-03-03T01:03:03.926+0000] {logging_mixin.py:188} INFO - [2026-03-03T01:03:03.920+0000] {dagbag.py:348} ERROR - Failed to import: /opt/airflow/dags/brewery_api_pipeline.py
Traceback (most recent call last):
  File "/home/airflow/.local/lib/python3.10/site-packages/airflow/models/dagbag.py", line 344, in parse
    loader.exec_module(new_module)
  File "<frozen importlib._bootstrap_external>", line 883, in exec_module
  File "<frozen importlib._bootstrap>", line 241, in _call_with_frames_removed
  File "/opt/airflow/dags/brewery_api_pipeline.py", line 4, in <module>
    from brewery_pipeline.ingest import run
ModuleNotFoundError: No module named 'brewery_pipeline'
[2026-03-03T01:03:03.927+0000] {processor.py:842} WARNING - No viable dags retrieved from /opt/airflow/dags/brewery_api_pipeline.py
[2026-03-03T01:03:03.960+0000] {processor.py:183} INFO - Processing /opt/airflow/dags/brewery_api_pipeline.py took 0.101 seconds
[2026-03-03T01:03:34.157+0000] {processor.py:161} INFO - Started process (PID=212) to work on /opt/airflow/dags/brewery_api_pipeline.py
[2026-03-03T01:03:34.159+0000] {processor.py:830} INFO - Processing file /opt/airflow/dags/brewery_api_pipeline.py for tasks to queue
[2026-03-03T01:03:34.161+0000] {logging_mixin.py:188} INFO - [2026-03-03T01:03:34.160+0000] {dagbag.py:538} INFO - Filling up the DagBag from /opt/airflow/dags/brewery_api_pipeline.py
[2026-03-03T01:03:34.200+0000] {logging_mixin.py:188} INFO - [2026-03-03T01:03:34.193+0000] {dagbag.py:348} ERROR - Failed to import: /opt/airflow/dags/brewery_api_pipeline.py
Traceback (most recent call last):
  File "/home/airflow/.local/lib/python3.10/site-packages/airflow/models/dagbag.py", line 344, in parse
    loader.exec_module(new_module)
  File "<frozen importlib._bootstrap_external>", line 883, in exec_module
  File "<frozen importlib._bootstrap>", line 241, in _call_with_frames_removed
  File "/opt/airflow/dags/brewery_api_pipeline.py", line 4, in <module>
    from brewery_pipeline.ingest import run
ModuleNotFoundError: No module named 'brewery_pipeline'
[2026-03-03T01:03:34.203+0000] {processor.py:842} WARNING - No viable dags retrieved from /opt/airflow/dags/brewery_api_pipeline.py
[2026-03-03T01:03:34.253+0000] {processor.py:183} INFO - Processing /opt/airflow/dags/brewery_api_pipeline.py took 0.103 seconds
[2026-03-03T01:04:04.601+0000] {processor.py:161} INFO - Started process (PID=217) to work on /opt/airflow/dags/brewery_api_pipeline.py
[2026-03-03T01:04:04.603+0000] {processor.py:830} INFO - Processing file /opt/airflow/dags/brewery_api_pipeline.py for tasks to queue
[2026-03-03T01:04:04.605+0000] {logging_mixin.py:188} INFO - [2026-03-03T01:04:04.605+0000] {dagbag.py:538} INFO - Filling up the DagBag from /opt/airflow/dags/brewery_api_pipeline.py
[2026-03-03T01:04:04.642+0000] {logging_mixin.py:188} INFO - [2026-03-03T01:04:04.635+0000] {dagbag.py:348} ERROR - Failed to import: /opt/airflow/dags/brewery_api_pipeline.py
Traceback (most recent call last):
  File "/home/airflow/.local/lib/python3.10/site-packages/airflow/models/dagbag.py", line 344, in parse
    loader.exec_module(new_module)
  File "<frozen importlib._bootstrap_external>", line 883, in exec_module
  File "<frozen importlib._bootstrap>", line 241, in _call_with_frames_removed
  File "/opt/airflow/dags/brewery_api_pipeline.py", line 4, in <module>
    from brewery_pipeline.ingest import run
ModuleNotFoundError: No module named 'brewery_pipeline'
[2026-03-03T01:04:04.645+0000] {processor.py:842} WARNING - No viable dags retrieved from /opt/airflow/dags/brewery_api_pipeline.py
[2026-03-03T01:04:04.700+0000] {processor.py:183} INFO - Processing /opt/airflow/dags/brewery_api_pipeline.py took 0.104 seconds
[2026-03-03T01:04:34.882+0000] {processor.py:161} INFO - Started process (PID=222) to work on /opt/airflow/dags/brewery_api_pipeline.py
[2026-03-03T01:04:34.884+0000] {processor.py:830} INFO - Processing file /opt/airflow/dags/brewery_api_pipeline.py for tasks to queue
[2026-03-03T01:04:34.886+0000] {logging_mixin.py:188} INFO - [2026-03-03T01:04:34.885+0000] {dagbag.py:538} INFO - Filling up the DagBag from /opt/airflow/dags/brewery_api_pipeline.py
[2026-03-03T01:04:34.920+0000] {logging_mixin.py:188} INFO - [2026-03-03T01:04:34.913+0000] {dagbag.py:348} ERROR - Failed to import: /opt/airflow/dags/brewery_api_pipeline.py
Traceback (most recent call last):
  File "/home/airflow/.local/lib/python3.10/site-packages/airflow/models/dagbag.py", line 344, in parse
    loader.exec_module(new_module)
  File "<frozen importlib._bootstrap_external>", line 883, in exec_module
  File "<frozen importlib._bootstrap>", line 241, in _call_with_frames_removed
  File "/opt/airflow/dags/brewery_api_pipeline.py", line 4, in <module>
    from brewery_pipeline.ingest import run
ModuleNotFoundError: No module named 'brewery_pipeline'
[2026-03-03T01:04:34.922+0000] {processor.py:842} WARNING - No viable dags retrieved from /opt/airflow/dags/brewery_api_pipeline.py
[2026-03-03T01:04:34.956+0000] {processor.py:183} INFO - Processing /opt/airflow/dags/brewery_api_pipeline.py took 0.078 seconds
[2026-03-03T01:05:05.347+0000] {processor.py:161} INFO - Started process (PID=227) to work on /opt/airflow/dags/brewery_api_pipeline.py
[2026-03-03T01:05:05.348+0000] {processor.py:830} INFO - Processing file /opt/airflow/dags/brewery_api_pipeline.py for tasks to queue
[2026-03-03T01:05:05.350+0000] {logging_mixin.py:188} INFO - [2026-03-03T01:05:05.350+0000] {dagbag.py:538} INFO - Filling up the DagBag from /opt/airflow/dags/brewery_api_pipeline.py
[2026-03-03T01:05:05.390+0000] {logging_mixin.py:188} INFO - [2026-03-03T01:05:05.383+0000] {dagbag.py:348} ERROR - Failed to import: /opt/airflow/dags/brewery_api_pipeline.py
Traceback (most recent call last):
  File "/home/airflow/.local/lib/python3.10/site-packages/airflow/models/dagbag.py", line 344, in parse
    loader.exec_module(new_module)
  File "<frozen importlib._bootstrap_external>", line 883, in exec_module
  File "<frozen importlib._bootstrap>", line 241, in _call_with_frames_removed
  File "/opt/airflow/dags/brewery_api_pipeline.py", line 4, in <module>
    from brewery_pipeline.ingest import run
ModuleNotFoundError: No module named 'brewery_pipeline'
[2026-03-03T01:05:05.392+0000] {processor.py:842} WARNING - No viable dags retrieved from /opt/airflow/dags/brewery_api_pipeline.py
[2026-03-03T01:05:05.448+0000] {processor.py:183} INFO - Processing /opt/airflow/dags/brewery_api_pipeline.py took 0.106 seconds
[2026-03-03T01:05:35.651+0000] {processor.py:161} INFO - Started process (PID=232) to work on /opt/airflow/dags/brewery_api_pipeline.py
[2026-03-03T01:05:35.652+0000] {processor.py:830} INFO - Processing file /opt/airflow/dags/brewery_api_pipeline.py for tasks to queue
[2026-03-03T01:05:35.654+0000] {logging_mixin.py:188} INFO - [2026-03-03T01:05:35.653+0000] {dagbag.py:538} INFO - Filling up the DagBag from /opt/airflow/dags/brewery_api_pipeline.py
[2026-03-03T01:05:35.688+0000] {logging_mixin.py:188} INFO - [2026-03-03T01:05:35.680+0000] {dagbag.py:348} ERROR - Failed to import: /opt/airflow/dags/brewery_api_pipeline.py
Traceback (most recent call last):
  File "/home/airflow/.local/lib/python3.10/site-packages/airflow/models/dagbag.py", line 344, in parse
    loader.exec_module(new_module)
  File "<frozen importlib._bootstrap_external>", line 883, in exec_module
  File "<frozen importlib._bootstrap>", line 241, in _call_with_frames_removed
  File "/opt/airflow/dags/brewery_api_pipeline.py", line 4, in <module>
    from brewery_pipeline.ingest import run
ModuleNotFoundError: No module named 'brewery_pipeline'
[2026-03-03T01:05:35.690+0000] {processor.py:842} WARNING - No viable dags retrieved from /opt/airflow/dags/brewery_api_pipeline.py
[2026-03-03T01:05:35.718+0000] {processor.py:183} INFO - Processing /opt/airflow/dags/brewery_api_pipeline.py took 0.072 seconds
[2026-03-03T01:06:06.002+0000] {processor.py:161} INFO - Started process (PID=237) to work on /opt/airflow/dags/brewery_api_pipeline.py
[2026-03-03T01:06:06.004+0000] {processor.py:830} INFO - Processing file /opt/airflow/dags/brewery_api_pipeline.py for tasks to queue
[2026-03-03T01:06:06.005+0000] {logging_mixin.py:188} INFO - [2026-03-03T01:06:06.005+0000] {dagbag.py:538} INFO - Filling up the DagBag from /opt/airflow/dags/brewery_api_pipeline.py
[2026-03-03T01:06:06.039+0000] {logging_mixin.py:188} INFO - [2026-03-03T01:06:06.032+0000] {dagbag.py:348} ERROR - Failed to import: /opt/airflow/dags/brewery_api_pipeline.py
Traceback (most recent call last):
  File "/home/airflow/.local/lib/python3.10/site-packages/airflow/models/dagbag.py", line 344, in parse
    loader.exec_module(new_module)
  File "<frozen importlib._bootstrap_external>", line 883, in exec_module
  File "<frozen importlib._bootstrap>", line 241, in _call_with_frames_removed
  File "/opt/airflow/dags/brewery_api_pipeline.py", line 4, in <module>
    from brewery_pipeline.ingest import run
ModuleNotFoundError: No module named 'brewery_pipeline'
[2026-03-03T01:06:06.044+0000] {processor.py:842} WARNING - No viable dags retrieved from /opt/airflow/dags/brewery_api_pipeline.py
[2026-03-03T01:06:06.072+0000] {processor.py:183} INFO - Processing /opt/airflow/dags/brewery_api_pipeline.py took 0.072 seconds
[2026-03-03T01:06:36.279+0000] {processor.py:161} INFO - Started process (PID=242) to work on /opt/airflow/dags/brewery_api_pipeline.py
[2026-03-03T01:06:36.281+0000] {processor.py:830} INFO - Processing file /opt/airflow/dags/brewery_api_pipeline.py for tasks to queue
[2026-03-03T01:06:36.283+0000] {logging_mixin.py:188} INFO - [2026-03-03T01:06:36.282+0000] {dagbag.py:538} INFO - Filling up the DagBag from /opt/airflow/dags/brewery_api_pipeline.py
[2026-03-03T01:06:36.325+0000] {logging_mixin.py:188} INFO - [2026-03-03T01:06:36.317+0000] {dagbag.py:348} ERROR - Failed to import: /opt/airflow/dags/brewery_api_pipeline.py
Traceback (most recent call last):
  File "/home/airflow/.local/lib/python3.10/site-packages/airflow/models/dagbag.py", line 344, in parse
    loader.exec_module(new_module)
  File "<frozen importlib._bootstrap_external>", line 883, in exec_module
  File "<frozen importlib._bootstrap>", line 241, in _call_with_frames_removed
  File "/opt/airflow/dags/brewery_api_pipeline.py", line 4, in <module>
    from brewery_pipeline.ingest import run
ModuleNotFoundError: No module named 'brewery_pipeline'
[2026-03-03T01:06:36.327+0000] {processor.py:842} WARNING - No viable dags retrieved from /opt/airflow/dags/brewery_api_pipeline.py
[2026-03-03T01:06:36.388+0000] {processor.py:183} INFO - Processing /opt/airflow/dags/brewery_api_pipeline.py took 0.118 seconds
[2026-03-03T01:07:06.621+0000] {processor.py:161} INFO - Started process (PID=247) to work on /opt/airflow/dags/brewery_api_pipeline.py
[2026-03-03T01:07:06.623+0000] {processor.py:830} INFO - Processing file /opt/airflow/dags/brewery_api_pipeline.py for tasks to queue
[2026-03-03T01:07:06.625+0000] {logging_mixin.py:188} INFO - [2026-03-03T01:07:06.624+0000] {dagbag.py:538} INFO - Filling up the DagBag from /opt/airflow/dags/brewery_api_pipeline.py
[2026-03-03T01:07:06.657+0000] {logging_mixin.py:188} INFO - [2026-03-03T01:07:06.650+0000] {dagbag.py:348} ERROR - Failed to import: /opt/airflow/dags/brewery_api_pipeline.py
Traceback (most recent call last):
  File "/home/airflow/.local/lib/python3.10/site-packages/airflow/models/dagbag.py", line 344, in parse
    loader.exec_module(new_module)
  File "<frozen importlib._bootstrap_external>", line 883, in exec_module
  File "<frozen importlib._bootstrap>", line 241, in _call_with_frames_removed
  File "/opt/airflow/dags/brewery_api_pipeline.py", line 4, in <module>
    from brewery_pipeline.ingest import run
ModuleNotFoundError: No module named 'brewery_pipeline'
[2026-03-03T01:07:06.659+0000] {processor.py:842} WARNING - No viable dags retrieved from /opt/airflow/dags/brewery_api_pipeline.py
[2026-03-03T01:07:06.708+0000] {processor.py:183} INFO - Processing /opt/airflow/dags/brewery_api_pipeline.py took 0.092 seconds
[2026-03-03T01:07:36.914+0000] {processor.py:161} INFO - Started process (PID=252) to work on /opt/airflow/dags/brewery_api_pipeline.py
[2026-03-03T01:07:36.917+0000] {processor.py:830} INFO - Processing file /opt/airflow/dags/brewery_api_pipeline.py for tasks to queue
[2026-03-03T01:07:36.919+0000] {logging_mixin.py:188} INFO - [2026-03-03T01:07:36.918+0000] {dagbag.py:538} INFO - Filling up the DagBag from /opt/airflow/dags/brewery_api_pipeline.py
[2026-03-03T01:07:36.970+0000] {logging_mixin.py:188} INFO - [2026-03-03T01:07:36.958+0000] {dagbag.py:348} ERROR - Failed to import: /opt/airflow/dags/brewery_api_pipeline.py
Traceback (most recent call last):
  File "/home/airflow/.local/lib/python3.10/site-packages/airflow/models/dagbag.py", line 344, in parse
    loader.exec_module(new_module)
  File "<frozen importlib._bootstrap_external>", line 883, in exec_module
  File "<frozen importlib._bootstrap>", line 241, in _call_with_frames_removed
  File "/opt/airflow/dags/brewery_api_pipeline.py", line 4, in <module>
    from brewery_pipeline.ingest import run
ModuleNotFoundError: No module named 'brewery_pipeline'
[2026-03-03T01:07:36.972+0000] {processor.py:842} WARNING - No viable dags retrieved from /opt/airflow/dags/brewery_api_pipeline.py
[2026-03-03T01:07:37.010+0000] {processor.py:183} INFO - Processing /opt/airflow/dags/brewery_api_pipeline.py took 0.106 seconds
